<?xml version="1.0" encoding="UTF-8"?>
<!-- Generated by org.testng.reporters.JUnitReportReporter -->
<testsuite skipped="0" hostname="DESKTOP-VU3FGDJ" name="com.class4.odev2" tests="5" failures="0" timestamp="11 Jun 2019 20:56:22 GMT" time="16.358" errors="0">
  <testcase name="task3" time="0.883" classname="com.class4.odev2"/>
  <testcase name="Task1" time="1.441" classname="com.class4.odev2"/>
  <testcase name="Task2" time="4.475" classname="com.class4.odev2"/>
  <testcase name="Task2changeAdress" time="5.216" classname="com.class4.odev2"/>
  <testcase name="Task2" time="4.343" classname="com.class4.odev2"/>
</testsuite> <!-- com.class4.odev2 -->
