<?xml version="1.0" encoding="UTF-8"?>
<!-- Generated by org.testng.reporters.JUnitReportReporter -->
<testsuite skipped="0" hostname="DESKTOP-VU3FGDJ" name="com.class4.parameterExampleOne" tests="1" failures="0" timestamp="09 Jun 2019 06:24:51 GMT" time="0.041" errors="0">
  <testcase name="userNames" time="0.041" classname="com.class4.parameterExampleOne"/>
</testsuite> <!-- com.class4.parameterExampleOne -->
