<?xml version="1.0" encoding="UTF-8"?>
<!-- Generated by org.testng.reporters.JUnitReportReporter -->
<testsuite hostname="DESKTOP-BG5TCU2" failures="0" tests="2" name="com.class5.demoTest" time="17.374" errors="0" timestamp="12 Jun 2019 19:43:17 GMT" skipped="0">
  <testcase classname="com.class5.demoTest" name="testCrossBrowser" time="11.093"/>
  <testcase classname="com.class5.demoTest" name="testCrossBrowser" time="6.281"/>
</testsuite> <!-- com.class5.demoTest -->
