<?xml version="1.0" encoding="UTF-8"?>
<!-- Generated by org.testng.reporters.JUnitReportReporter -->
<testsuite skipped="0" hostname="DESKTOP-3S6F6G8" name="com.class4.DataProviderTest" tests="3" failures="0" timestamp="07 Jun 2019 02:16:35 GMT" time="0.022" errors="0">
  <testcase name="getData" time="0.004" classname="com.class4.DataProviderTest"/>
  <testcase name="getData" time="0.004" classname="com.class4.DataProviderTest"/>
  <testcase name="getData" time="0.014" classname="com.class4.DataProviderTest"/>
</testsuite> <!-- com.class4.DataProviderTest -->
