<?xml version="1.0" encoding="UTF-8"?>
<!-- Generated by org.testng.reporters.JUnitReportReporter -->
<testsuite hostname="DESKTOP-BG5TCU2" failures="0" tests="3" name="com.class3.NewtoursExample" time="38.856" errors="0" timestamp="12 Jun 2019 07:32:19 GMT" skipped="0">
  <testcase classname="com.class3.NewtoursExample" name="userInformation" time="15.285"/>
  <testcase classname="com.class3.NewtoursExample" name="contactinfo" time="11.531"/>
  <testcase classname="com.class3.NewtoursExample" name="maılıngınfo" time="12.040"/>
</testsuite> <!-- com.class3.NewtoursExample -->
