<?xml version="1.0" encoding="UTF-8"?>
<!-- Generated by org.testng.reporters.JUnitReportReporter -->
<testsuite skipped="0" hostname="DESKTOP-3S6F6G8" name="com.class3.Task1" tests="1" failures="0" timestamp="06 Jun 2019 21:32:19 GMT" time="7.536" errors="0">
  <testcase name="userThree" time="7.536" classname="com.class3.Task1"/>
</testsuite> <!-- com.class3.Task1 -->
