<?xml version="1.0" encoding="UTF-8"?>
<!-- Generated by org.testng.reporters.JUnitReportReporter -->
<testsuite skipped="0" hostname="DESKTOP-3S6F6G8" name="odev.odev3" tests="2" failures="0" timestamp="01 Haz 2019 15:05:54 GMT" time="1.479" errors="0">
  <testcase name="login" time="1.089" classname="odev.odev3"/>
  <testcase name="addEmp" time="0.390" classname="odev.odev3"/>
</testsuite> <!-- odev.odev3 -->
