<?xml version="1.0" encoding="UTF-8"?>
<!-- Generated by org.testng.reporters.JUnitReportReporter -->
<testsuite skipped="0" hostname="DESKTOP-3S6F6G8" name="com.class3.deneme" tests="3" failures="0" timestamp="06 Jun 2019 03:55:16 GMT" time="0.033" errors="0">
  <testcase name="dort" time="0.004" classname="com.class3.deneme"/>
  <testcase name="uc" time="0.003" classname="com.class3.deneme"/>
  <testcase name="bir" time="0.026" classname="com.class3.deneme"/>
</testsuite> <!-- com.class3.deneme -->
