<?xml version="1.0" encoding="UTF-8"?>
<!-- Generated by org.testng.reporters.JUnitReportReporter -->
<testsuite skipped="0" hostname="DESKTOP-3S6F6G8" name="com.class01.beforeAndAfterMethod" tests="2" failures="0" timestamp="30 May 2019 05:43:17 GMT" time="0.009" errors="0">
  <testcase name="melek1" time="0.008" classname="com.class01.beforeAndAfterMethod"/>
  <testcase name="melek2" time="0.001" classname="com.class01.beforeAndAfterMethod"/>
</testsuite> <!-- com.class01.beforeAndAfterMethod -->
