<?xml version="1.0" encoding="UTF-8"?>
<!-- Generated by org.testng.reporters.JUnitReportReporter -->
<testsuite skipped="0" hostname="DESKTOP-3S6F6G8" name="orangehrmExample" tests="1" failures="0" timestamp="29 May 2019 05:30:57 GMT" time="12.194" errors="0">
  <testcase name="login" time="12.194" classname="orangehrmExample"/>
</testsuite> <!-- orangehrmExample -->
