<?xml version="1.0" encoding="UTF-8"?>
<!-- Generated by org.testng.reporters.JUnitReportReporter -->
<testsuite skipped="0" hostname="DESKTOP-3S6F6G8" name="odev.odev1" tests="1" failures="0" timestamp="01 Haz 2019 03:29:32 GMT" time="0.977" errors="0">
  <testcase name="login" time="0.977" classname="odev.odev1"/>
</testsuite> <!-- odev.odev1 -->
