<?xml version="1.0" encoding="UTF-8"?>
<!-- Generated by org.testng.reporters.JUnitReportReporter -->
<testsuite skipped="0" hostname="DESKTOP-VU3FGDJ" name="com.com.class4.AllAnnotations" tests="2" failures="0" timestamp="09 Jun 2019 19:24:21 GMT" time="0.052" errors="0">
  <testcase name="f1" time="0.040" classname="com.com.class4.AllAnnotations"/>
  <testcase name="f2" time="0.012" classname="com.com.class4.AllAnnotations"/>
</testsuite> <!-- com.com.class4.AllAnnotations -->
