<?xml version="1.0" encoding="UTF-8"?>
<!-- Generated by org.testng.reporters.JUnitReportReporter -->
<testsuite skipped="0" hostname="DESKTOP-3S6F6G8" name="com.class01.test" tests="3" failures="0" timestamp="30 May 2019 05:43:17 GMT" time="0.023" errors="0">
  <testcase name="a" time="0.012" classname="com.class01.test"/>
  <testcase name="b" time="0.004" classname="com.class01.test"/>
  <testcase name="test" time="0.007" classname="com.class01.test"/>
</testsuite> <!-- com.class01.test -->
