<?xml version="1.0" encoding="UTF-8"?>
<!-- Generated by org.testng.reporters.JUnitReportReporter -->
<testsuite hostname="DESKTOP-BG5TCU2" failures="0" tests="1" name="com.class4.saucedemo" time="16.947" errors="0" timestamp="12 Jun 2019 07:57:01 GMT" skipped="0">
  <testcase classname="com.class4.saucedemo" name="UserName1" time="16.947"/>
</testsuite> <!-- com.class4.saucedemo -->
