<?xml version="1.0" encoding="UTF-8"?>
<!-- Generated by org.testng.reporters.JUnitReportReporter -->
<testsuite skipped="0" hostname="DESKTOP-3S6F6G8" name="beforeAndAfterMethod" tests="2" failures="0" timestamp="29 May 2019 01:28:51 GMT" time="0.024" errors="0">
  <testcase name="testMethodOne" time="0.018" classname="beforeAndAfterMethod"/>
  <testcase name="testMethodTwo" time="0.006" classname="beforeAndAfterMethod"/>
</testsuite> <!-- beforeAndAfterMethod -->
