<?xml version="1.0" encoding="UTF-8"?>
<!-- Generated by org.testng.reporters.JUnitReportReporter -->
<testsuite skipped="0" hostname="DESKTOP-3S6F6G8" name="com.class02.SoftAndHardAssertExample" tests="2" failures="0" timestamp="02 Haz 2019 04:22:05 GMT" time="7.281" errors="0">
  <testcase name="orangehrmLoginScreen" time="0.018" classname="com.class02.SoftAndHardAssertExample"/>
  <testcase name="logo" time="7.263" classname="com.class02.SoftAndHardAssertExample"/>
</testsuite> <!-- com.class02.SoftAndHardAssertExample -->
